int: (24, -1)
{: (17, -1)
a: (0, 1)
}: (18, -1)
string: (25, -1)
{: (17, -1)
b: (0, 2)
}: (18, -1)
b: (0, 2)
=: (10, -1)
"abcd": (1, 3)
if: (29, -1)
(: (19, -1)
b: (0, 2)
==: (11, -1)
"abcdf": (1, 4)
): (20, -1)
READ: (32, -1)
a: (0, 1)
if: (29, -1)
(: (19, -1)
a: (0, 1)
==: (11, -1)
2: (1, 5)
): (20, -1)
BEGIN: (34, -1)
PRINT: (33, -1)
true: (37, -1)
STOP: (36, -1)
END: (35, -1)
if: (29, -1)
(: (19, -1)
a: (0, 1)
%: (6, -1)
2: (1, 5)
==: (11, -1)
0: (1, 6)
): (20, -1)
BEGIN: (34, -1)
PRINT: (33, -1)
false: (38, -1)
STOP: (36, -1)
END: (35, -1)
int: (24, -1)
{: (17, -1)
i: (0, 7)
}: (18, -1)
i: (0, 7)
=: (10, -1)
3: (1, 8)
while: (30, -1)
(: (19, -1)
i: (0, 7)
*: (4, -1)
i: (0, 7)
<: (15, -1)
a: (0, 1)
): (20, -1)
BEGIN: (34, -1)
if: (29, -1)
(: (19, -1)
a: (0, 1)
%: (6, -1)
i: (0, 7)
==: (11, -1)
0: (1, 6)
): (20, -1)
BEGIN: (34, -1)
PRINT: (33, -1)
false: (38, -1)
STOP: (36, -1)
END: (35, -1)
i: (0, 7)
=: (10, -1)
i: (0, 7)
+: (2, -1)
2: (1, 5)
END: (35, -1)
PRINT: (33, -1)
true: (37, -1)
