program(id: 0, child: 2, right id: -, depth: 0)
cmpdStmt(id: 2, child: 7, right id: 1, depth: 1)
BEGIN(id: 7, child: -, right id: 6, depth: 2)
endline(id: 6, child: -, right id: 5, depth: 2)
stmtlist(id: 5, child: 10, right id: 4, depth: 2)
stmtlist(id: 10, child: 18, right id: 9, depth: 3)
stmtlist(id: 18, child: 26, right id: 17, depth: 4)
stmtlist(id: 26, child: 35, right id: 25, depth: 5)
stmtlist(id: 35, child: 44, right id: 34, depth: 6)
stmtlist(id: 44, child: 53, right id: 43, depth: 7)
stmtlist(id: 53, child: 61, right id: 52, depth: 8)
stmtlist(id: 61, child: 67, right id: 60, depth: 9)
stmt(id: 67, child: 68, right id: -, depth: 10)
declaration(id: 68, child: 72, right id: -, depth: 11)
type(id: 72, child: 80, right id: 71, depth: 12)
primType(id: 80, child: 81, right id: -, depth: 13)
int(id: 81, child: -, right id: -, depth: 14)
{(id: 71, child: -, right id: 70, depth: 12)
declaration_list(id: 70, child: 75, right id: 69, depth: 12)
declaration_list(id: 75, child: 78, right id: 74, depth: 13)
declaration_list(id: 78, child: 79, right id: 77, depth: 14)
IDENT(id: 79, child: -, right id: -, depth: 15)
,(id: 77, child: -, right id: 76, depth: 14)
IDENT(id: 76, child: -, right id: -, depth: 14)
,(id: 74, child: -, right id: 73, depth: 13)
IDENT(id: 73, child: -, right id: -, depth: 13)
}(id: 69, child: -, right id: -, depth: 12)
endline(id: 60, child: -, right id: 59, depth: 9)
stmt(id: 59, child: 62, right id: -, depth: 9)
simplStmt(id: 62, child: 63, right id: -, depth: 10)
ioStmt(id: 63, child: 65, right id: -, depth: 11)
READ(id: 65, child: -, right id: 64, depth: 12)
expression(id: 64, child: 66, right id: -, depth: 12)
IDENT(id: 66, child: -, right id: -, depth: 13)
endline(id: 52, child: -, right id: 51, depth: 8)
stmt(id: 51, child: 54, right id: -, depth: 8)
simplStmt(id: 54, child: 55, right id: -, depth: 9)
ioStmt(id: 55, child: 57, right id: -, depth: 10)
READ(id: 57, child: -, right id: 56, depth: 11)
expression(id: 56, child: 58, right id: -, depth: 11)
IDENT(id: 58, child: -, right id: -, depth: 12)
endline(id: 43, child: -, right id: 42, depth: 7)
stmt(id: 42, child: 45, right id: -, depth: 7)
simplStmt(id: 45, child: 46, right id: -, depth: 8)
assignStmt(id: 46, child: 49, right id: -, depth: 9)
IDENT(id: 49, child: -, right id: 48, depth: 10)
=(id: 48, child: -, right id: 47, depth: 10)
expression(id: 47, child: 50, right id: -, depth: 10)
IDENT(id: 50, child: -, right id: -, depth: 11)
endline(id: 34, child: -, right id: 33, depth: 6)
stmt(id: 33, child: 36, right id: -, depth: 6)
simplStmt(id: 36, child: 37, right id: -, depth: 7)
assignStmt(id: 37, child: 40, right id: -, depth: 8)
IDENT(id: 40, child: -, right id: 39, depth: 9)
=(id: 39, child: -, right id: 38, depth: 9)
expression(id: 38, child: 41, right id: -, depth: 9)
IDENT(id: 41, child: -, right id: -, depth: 10)
endline(id: 25, child: -, right id: 24, depth: 5)
stmt(id: 24, child: 27, right id: -, depth: 5)
simplStmt(id: 27, child: 28, right id: -, depth: 6)
assignStmt(id: 28, child: 31, right id: -, depth: 7)
IDENT(id: 31, child: -, right id: 30, depth: 8)
=(id: 30, child: -, right id: 29, depth: 8)
expression(id: 29, child: 32, right id: -, depth: 8)
IDENT(id: 32, child: -, right id: -, depth: 9)
endline(id: 17, child: -, right id: 16, depth: 4)
stmt(id: 16, child: 19, right id: -, depth: 4)
simplStmt(id: 19, child: 20, right id: -, depth: 5)
ioStmt(id: 20, child: 22, right id: -, depth: 6)
PRINT(id: 22, child: -, right id: 21, depth: 7)
expression(id: 21, child: 23, right id: -, depth: 7)
IDENT(id: 23, child: -, right id: -, depth: 8)
endline(id: 9, child: -, right id: 8, depth: 3)
stmt(id: 8, child: 11, right id: -, depth: 3)
simplStmt(id: 11, child: 12, right id: -, depth: 4)
ioStmt(id: 12, child: 14, right id: -, depth: 5)
PRINT(id: 14, child: -, right id: 13, depth: 6)
expression(id: 13, child: 15, right id: -, depth: 6)
IDENT(id: 15, child: -, right id: -, depth: 7)
endline(id: 4, child: -, right id: 3, depth: 2)
END(id: 3, child: -, right id: -, depth: 2)
endline(id: 1, child: -, right id: -, depth: 1)
